<?xml version="1.0" encoding="UTF-8"?>
<!-- Generated by org.testng.reporters.JUnitReportReporter -->
<testsuite hostname="Vinoths-MacBook-Pro.local" name="com.example.selenium.pages.GoogleSearchPageTest" tests="2" failures="0" timestamp="20 Nov 2016 07:06:48 GMT" time="5.618" errors="0">
  <testcase name="testLogoExisting" time="3.044" classname="com.example.selenium.pages.GoogleSearchPageTest"/>
  <testcase name="testSearch" time="2.574" classname="com.example.selenium.pages.GoogleSearchPageTest"/>
</testsuite> <!-- com.example.selenium.pages.GoogleSearchPageTest -->
